<?xml version="1.0" encoding="UTF-8"?>
<!-- Generated by org.testng.reporters.JUnitXMLReporter -->
<testsuite hostname="tamaraPC" ignored="0" tests="0" failures="0" timestamp="12 Jan 2018 04:10:48 GMT" time="0.014" errors="0">
  <testcase name="@BeforeTest beforeTest" time="0.0" classname="TestFrameWork_Test.BaseTest">
    <failure type="org.testng.TestNGException" message="
Can inject only one of &amp;lt;ITestContext, XmlTest&amp;gt; into a @BeforeTest annotated beforeTest.
For more information on native dependency injection please refer to http://testng.org/doc/documentation-main.html#native-dependency-injection">
      <![CDATA[org.testng.TestNGException: Can inject only one of <ITestContext, XmlTest> into a @BeforeTest annotated beforeTest.For more information on native dependency injection please refer to http://testng.org/doc/documentation-main.html#native-dependency-injection... Removed 26 stack frames]]>
    </failure>
  </testcase> <!-- @BeforeTest beforeTest -->
  <testcase name="@AfterTest afterTest" time="0.0" classname="TestFrameWork_Test.BaseTest">
    <skipped/>
  </testcase> <!-- @AfterTest afterTest -->
</testsuite>
