<?xml version="1.0" encoding="UTF-8"?>
<!-- Generated by org.testng.reporters.JUnitXMLReporter -->
<testsuite hostname="tamaraPC" ignored="0" name="Test" tests="7" failures="0" timestamp="30 Jan 2018 06:32:00 GMT" time="39.016" errors="0">
  <testcase name="test_TryPrimeLink" time="2.301" classname="TestFrameWork_Test.NavigationLinksTest"/>
  <testcase name="test_SignInLink" time="3.192" classname="TestFrameWork_Test.NavigationLinksTest"/>
  <testcase name="test_DayDealsLink" time="2.277" classname="TestFrameWork_Test.NavigationLinksTest"/>
  <testcase name="test_GiftCardsLink" time="3.249" classname="TestFrameWork_Test.NavigationLinksTest"/>
  <testcase name="test_RegistryLink" time="1.229" classname="TestFrameWork_Test.NavigationLinksTest"/>
  <testcase name="test_HelpLink" time="1.156" classname="TestFrameWork_Test.NavigationLinksTest"/>
  <testcase name="test_SellLink" time="3.373" classname="TestFrameWork_Test.NavigationLinksTest"/>
</testsuite> <!-- Test -->
