<?xml version="1.0" encoding="UTF-8"?>
<testng-results skipped="0" failed="0" ignored="0" total="10" passed="10">
  <reporter-output>
  </reporter-output>
  <suite name="Suite" duration-ms="15379" started-at="2018-02-03T08:53:02Z" finished-at="2018-02-03T08:53:18Z">
    <groups>
    </groups>
    <test name="Test" duration-ms="15379" started-at="2018-02-03T08:53:02Z" finished-at="2018-02-03T08:53:18Z">
      <class name="TestFrameWork_Test.HomePageContentTest">
        <test-method status="PASS" signature="beforeClass()[pri:0, instance:TestFrameWork_Test.HomePageContentTest@1e88b3c]" name="beforeClass" is-config="true" duration-ms="10" started-at="2018-02-03T00:53:02Z" finished-at="2018-02-03T00:53:02Z">
          <reporter-output>
          </reporter-output>
        </test-method> <!-- beforeClass -->
        <test-method status="PASS" signature="beforeTest(java.lang.String, java.lang.String, java.lang.String, java.lang.String)[pri:0, instance:TestFrameWork_Test.HomePageContentTest@1e88b3c]" name="beforeTest" is-config="true" duration-ms="10985" started-at="2018-02-03T00:53:02Z" finished-at="2018-02-03T00:53:13Z">
          <params>
            <param index="0">
              <value>
                <![CDATA[chrome]]>
              </value>
            </param>
            <param index="1">
              <value>
                <![CDATA[http://amazon.com]]>
              </value>
            </param>
            <param index="2">
              <value>
                <![CDATA[C:/Drivers/chromedriver_win32/chromedriver.exe]]>
              </value>
            </param>
            <param index="3">
              <value>
                <![CDATA[C:/Drivers/gecko/geckodriver.exe]]>
              </value>
            </param>
          </params>
          <reporter-output>
          </reporter-output>
        </test-method> <!-- beforeTest -->
        <test-method status="PASS" signature="beforeTestDo()[pri:0, instance:TestFrameWork_Test.HomePageContentTest@1e88b3c]" name="beforeTestDo" is-config="true" duration-ms="38" started-at="2018-02-03T00:53:13Z" depends-on-methods="TestFrameWork_Test.BaseTestSetup.beforeClass, TestFrameWork_Test.BaseTestSetup.beforeTest" finished-at="2018-02-03T00:53:13Z">
          <reporter-output>
          </reporter-output>
        </test-method> <!-- beforeTestDo -->
        <test-method status="PASS" signature="beforeMethod()[pri:0, instance:TestFrameWork_Test.HomePageContentTest@1e88b3c]" name="beforeMethod" is-config="true" duration-ms="0" started-at="2018-02-03T00:53:13Z" finished-at="2018-02-03T00:53:13Z">
          <reporter-output>
          </reporter-output>
        </test-method> <!-- beforeMethod -->
        <test-method status="PASS" signature="test_Home_Page_DepartmentsLink()[pri:0, instance:TestFrameWork_Test.HomePageContentTest@1e88b3c]" name="test_Home_Page_DepartmentsLink" duration-ms="49" started-at="2018-02-03T00:53:13Z" finished-at="2018-02-03T00:53:13Z">
          <reporter-output>
          </reporter-output>
        </test-method> <!-- test_Home_Page_DepartmentsLink -->
        <test-method status="PASS" signature="afterMethod()[pri:0, instance:TestFrameWork_Test.HomePageContentTest@1e88b3c]" name="afterMethod" is-config="true" duration-ms="1" started-at="2018-02-03T00:53:13Z" finished-at="2018-02-03T00:53:13Z">
          <reporter-output>
          </reporter-output>
        </test-method> <!-- afterMethod -->
        <test-method status="PASS" signature="test_Home_Page_DepartmentsList()[pri:0, instance:TestFrameWork_Test.HomePageContentTest@1e88b3c]" name="test_Home_Page_DepartmentsList" duration-ms="3110" started-at="2018-02-03T00:53:13Z" finished-at="2018-02-03T00:53:16Z">
          <reporter-output>
          </reporter-output>
        </test-method> <!-- test_Home_Page_DepartmentsList -->
        <test-method status="PASS" signature="beforeMethod()[pri:0, instance:TestFrameWork_Test.HomePageContentTest@1e88b3c]" name="beforeMethod" is-config="true" duration-ms="0" started-at="2018-02-03T00:53:13Z" finished-at="2018-02-03T00:53:13Z">
          <reporter-output>
          </reporter-output>
        </test-method> <!-- beforeMethod -->
        <test-method status="PASS" signature="afterMethod()[pri:0, instance:TestFrameWork_Test.HomePageContentTest@1e88b3c]" name="afterMethod" is-config="true" duration-ms="0" started-at="2018-02-03T00:53:16Z" finished-at="2018-02-03T00:53:16Z">
          <reporter-output>
          </reporter-output>
        </test-method> <!-- afterMethod -->
        <test-method status="PASS" signature="beforeMethod()[pri:0, instance:TestFrameWork_Test.HomePageContentTest@1e88b3c]" name="beforeMethod" is-config="true" duration-ms="0" started-at="2018-02-03T00:53:16Z" finished-at="2018-02-03T00:53:16Z">
          <reporter-output>
          </reporter-output>
        </test-method> <!-- beforeMethod -->
        <test-method status="PASS" signature="test_Home_Page_DropBox()[pri:0, instance:TestFrameWork_Test.HomePageContentTest@1e88b3c]" name="test_Home_Page_DropBox" duration-ms="277" started-at="2018-02-03T00:53:16Z" finished-at="2018-02-03T00:53:17Z">
          <reporter-output>
          </reporter-output>
        </test-method> <!-- test_Home_Page_DropBox -->
        <test-method status="PASS" signature="afterMethod()[pri:0, instance:TestFrameWork_Test.HomePageContentTest@1e88b3c]" name="afterMethod" is-config="true" duration-ms="0" started-at="2018-02-03T00:53:17Z" finished-at="2018-02-03T00:53:17Z">
          <reporter-output>
          </reporter-output>
        </test-method> <!-- afterMethod -->
        <test-method status="PASS" signature="test_Home_Page_Footer()[pri:0, instance:TestFrameWork_Test.HomePageContentTest@1e88b3c]" name="test_Home_Page_Footer" duration-ms="45" started-at="2018-02-03T00:53:17Z" finished-at="2018-02-03T00:53:17Z">
          <reporter-output>
          </reporter-output>
        </test-method> <!-- test_Home_Page_Footer -->
        <test-method status="PASS" signature="beforeMethod()[pri:0, instance:TestFrameWork_Test.HomePageContentTest@1e88b3c]" name="beforeMethod" is-config="true" duration-ms="0" started-at="2018-02-03T00:53:17Z" finished-at="2018-02-03T00:53:17Z">
          <reporter-output>
          </reporter-output>
        </test-method> <!-- beforeMethod -->
        <test-method status="PASS" signature="afterMethod()[pri:0, instance:TestFrameWork_Test.HomePageContentTest@1e88b3c]" name="afterMethod" is-config="true" duration-ms="0" started-at="2018-02-03T00:53:17Z" finished-at="2018-02-03T00:53:17Z">
          <reporter-output>
          </reporter-output>
        </test-method> <!-- afterMethod -->
        <test-method status="PASS" signature="beforeMethod()[pri:0, instance:TestFrameWork_Test.HomePageContentTest@1e88b3c]" name="beforeMethod" is-config="true" duration-ms="0" started-at="2018-02-03T00:53:17Z" finished-at="2018-02-03T00:53:17Z">
          <reporter-output>
          </reporter-output>
        </test-method> <!-- beforeMethod -->
        <test-method status="PASS" signature="test_Home_Page_FooterLinks()[pri:0, instance:TestFrameWork_Test.HomePageContentTest@1e88b3c]" name="test_Home_Page_FooterLinks" duration-ms="40" started-at="2018-02-03T00:53:17Z" finished-at="2018-02-03T00:53:17Z">
          <reporter-output>
          </reporter-output>
        </test-method> <!-- test_Home_Page_FooterLinks -->
        <test-method status="PASS" signature="afterMethod()[pri:0, instance:TestFrameWork_Test.HomePageContentTest@1e88b3c]" name="afterMethod" is-config="true" duration-ms="0" started-at="2018-02-03T00:53:17Z" finished-at="2018-02-03T00:53:17Z">
          <reporter-output>
          </reporter-output>
        </test-method> <!-- afterMethod -->
        <test-method status="PASS" signature="beforeMethod()[pri:0, instance:TestFrameWork_Test.HomePageContentTest@1e88b3c]" name="beforeMethod" is-config="true" duration-ms="0" started-at="2018-02-03T00:53:17Z" finished-at="2018-02-03T00:53:17Z">
          <reporter-output>
          </reporter-output>
        </test-method> <!-- beforeMethod -->
        <test-method status="PASS" signature="test_Home_Page_OrdersCart()[pri:0, instance:TestFrameWork_Test.HomePageContentTest@1e88b3c]" name="test_Home_Page_OrdersCart" duration-ms="25" started-at="2018-02-03T00:53:17Z" finished-at="2018-02-03T00:53:17Z">
          <reporter-output>
          </reporter-output>
        </test-method> <!-- test_Home_Page_OrdersCart -->
        <test-method status="PASS" signature="beforeMethod()[pri:0, instance:TestFrameWork_Test.HomePageContentTest@1e88b3c]" name="beforeMethod" is-config="true" duration-ms="0" started-at="2018-02-03T00:53:17Z" finished-at="2018-02-03T00:53:17Z">
          <reporter-output>
          </reporter-output>
        </test-method> <!-- beforeMethod -->
        <test-method status="PASS" signature="afterMethod()[pri:0, instance:TestFrameWork_Test.HomePageContentTest@1e88b3c]" name="afterMethod" is-config="true" duration-ms="0" started-at="2018-02-03T00:53:17Z" finished-at="2018-02-03T00:53:17Z">
          <reporter-output>
          </reporter-output>
        </test-method> <!-- afterMethod -->
        <test-method status="PASS" signature="test_Home_Page_OrdersLink()[pri:0, instance:TestFrameWork_Test.HomePageContentTest@1e88b3c]" name="test_Home_Page_OrdersLink" duration-ms="30" started-at="2018-02-03T00:53:17Z" finished-at="2018-02-03T00:53:17Z">
          <reporter-output>
          </reporter-output>
        </test-method> <!-- test_Home_Page_OrdersLink -->
        <test-method status="PASS" signature="test_Home_Page_SearchBox()[pri:0, instance:TestFrameWork_Test.HomePageContentTest@1e88b3c]" name="test_Home_Page_SearchBox" duration-ms="36" started-at="2018-02-03T00:53:17Z" finished-at="2018-02-03T00:53:17Z">
          <reporter-output>
          </reporter-output>
        </test-method> <!-- test_Home_Page_SearchBox -->
        <test-method status="PASS" signature="beforeMethod()[pri:0, instance:TestFrameWork_Test.HomePageContentTest@1e88b3c]" name="beforeMethod" is-config="true" duration-ms="0" started-at="2018-02-03T00:53:17Z" finished-at="2018-02-03T00:53:17Z">
          <reporter-output>
          </reporter-output>
        </test-method> <!-- beforeMethod -->
        <test-method status="PASS" signature="afterMethod()[pri:0, instance:TestFrameWork_Test.HomePageContentTest@1e88b3c]" name="afterMethod" is-config="true" duration-ms="0" started-at="2018-02-03T00:53:17Z" finished-at="2018-02-03T00:53:17Z">
          <reporter-output>
          </reporter-output>
        </test-method> <!-- afterMethod -->
        <test-method status="PASS" signature="beforeMethod()[pri:0, instance:TestFrameWork_Test.HomePageContentTest@1e88b3c]" name="beforeMethod" is-config="true" duration-ms="0" started-at="2018-02-03T00:53:17Z" finished-at="2018-02-03T00:53:17Z">
          <reporter-output>
          </reporter-output>
        </test-method> <!-- beforeMethod -->
        <test-method status="PASS" signature="test_Home_Page_SignInLink()[pri:0, instance:TestFrameWork_Test.HomePageContentTest@1e88b3c]" name="test_Home_Page_SignInLink" duration-ms="27" started-at="2018-02-03T00:53:17Z" finished-at="2018-02-03T00:53:17Z">
          <reporter-output>
          </reporter-output>
        </test-method> <!-- test_Home_Page_SignInLink -->
        <test-method status="PASS" signature="afterMethod()[pri:0, instance:TestFrameWork_Test.HomePageContentTest@1e88b3c]" name="afterMethod" is-config="true" duration-ms="0" started-at="2018-02-03T00:53:17Z" finished-at="2018-02-03T00:53:17Z">
          <reporter-output>
          </reporter-output>
        </test-method> <!-- afterMethod -->
        <test-method status="PASS" signature="afterMethod()[pri:0, instance:TestFrameWork_Test.HomePageContentTest@1e88b3c]" name="afterMethod" is-config="true" duration-ms="0" started-at="2018-02-03T00:53:17Z" finished-at="2018-02-03T00:53:17Z">
          <reporter-output>
          </reporter-output>
        </test-method> <!-- afterMethod -->
        <test-method status="PASS" signature="test_Home_Page_TryPrime()[pri:0, instance:TestFrameWork_Test.HomePageContentTest@1e88b3c]" name="test_Home_Page_TryPrime" duration-ms="34" started-at="2018-02-03T00:53:17Z" finished-at="2018-02-03T00:53:17Z">
          <reporter-output>
          </reporter-output>
        </test-method> <!-- test_Home_Page_TryPrime -->
        <test-method status="PASS" signature="beforeMethod()[pri:0, instance:TestFrameWork_Test.HomePageContentTest@1e88b3c]" name="beforeMethod" is-config="true" duration-ms="0" started-at="2018-02-03T00:53:17Z" finished-at="2018-02-03T00:53:17Z">
          <reporter-output>
          </reporter-output>
        </test-method> <!-- beforeMethod -->
        <test-method status="PASS" signature="afterMethod()[pri:0, instance:TestFrameWork_Test.HomePageContentTest@1e88b3c]" name="afterMethod" is-config="true" duration-ms="0" started-at="2018-02-03T00:53:17Z" finished-at="2018-02-03T00:53:17Z">
          <reporter-output>
          </reporter-output>
        </test-method> <!-- afterMethod -->
        <test-method status="PASS" signature="afterClass()[pri:0, instance:TestFrameWork_Test.HomePageContentTest@1e88b3c]" name="afterClass" is-config="true" duration-ms="0" started-at="2018-02-03T00:53:17Z" finished-at="2018-02-03T00:53:17Z">
          <reporter-output>
          </reporter-output>
        </test-method> <!-- afterClass -->
        <test-method status="PASS" signature="afterTest()[pri:0, instance:TestFrameWork_Test.HomePageContentTest@1e88b3c]" name="afterTest" is-config="true" duration-ms="631" started-at="2018-02-03T00:53:17Z" finished-at="2018-02-03T00:53:18Z">
          <reporter-output>
          </reporter-output>
        </test-method> <!-- afterTest -->
      </class> <!-- TestFrameWork_Test.HomePageContentTest -->
    </test> <!-- Test -->
  </suite> <!-- Suite -->
</testng-results>
